<?xml version="1.0" encoding="UTF-8"?>
<!-- Generated by org.testng.reporters.JUnitReportReporter -->
<testsuite hostname="hareesh2harsh" failures="0" tests="1" name="stepDefinition.GetReqDemo" time="2.100" errors="0" timestamp="2023-08-03T21:18:25 IST" skipped="0">
  <testcase classname="stepDefinition.GetReqDemo" name="testGetReq" time="2.100"/>
</testsuite> <!-- stepDefinition.GetReqDemo -->
