<?xml version="1.0" encoding="UTF-8"?>
<!-- Generated by org.testng.reporters.JUnitReportReporter -->
<testsuite hostname="hareesh2harsh" failures="0" tests="1" name="stepDefinition.GoogleTest" time="9.938" errors="0" timestamp="2023-07-31T13:42:49 IST" skipped="0">
  <testcase classname="stepDefinition.GoogleTest" name="testGoogle" time="9.938"/>
</testsuite> <!-- stepDefinition.GoogleTest -->
