<?xml version="1.0" encoding="UTF-8"?>
<!-- Generated by org.testng.reporters.JUnitReportReporter -->
<testsuite hostname="hareesh2harsh" failures="0" tests="1" name="stepDefinition.GoogleTest" time="11.105" errors="0" timestamp="2023-07-31T15:17:07 IST" skipped="0">
  <testcase classname="stepDefinition.GoogleTest" name="testGoogle" time="11.105"/>
</testsuite> <!-- stepDefinition.GoogleTest -->
